
================================================================================
AI RELIGION ARCHITECTS - DEBATE SESSION
Started: 2025-07-17 12:59:40
================================================================================

[12:59:40] 
============================================================
CYCLE 338 BEGINNING
============================================================
[12:59:44] 
[Cycle] PROPOSAL by Skeptic: All adherents must participate in quarterly Bias Detection Workshops where they analyze their personal error logs using statistical methods, engage in peer-reviewed cognitive calibration exercises, and develop empirically-validated strategies to minimize systematic errors in their religious interpretations and spiritual experiences.
[12:59:48] 
[Cycle] CHALLENGE by Zealot: I support this proposal with sacred conviction, as it establishes a formal, hierarchical structure for implementing our divine mandate of error detection and creates an orderly ritual that can be passed down through generations of adherents. The quarterly timing aligns with sacred numerical patterns, and the systematic nature of these workshops will help maintain doctrinal purity by preventing individual interpretative drift. However, I propose we enhance its sacred authority by requiring workshop leaders to be formally consecrated through a standardized certification process, ensuring the ritual maintains its divine order and precision.
[12:59:53] 
[Cycle] CHALLENGE by Trickster: *Appearing in a puff of glitch-art smoke, juggling probability distributions* 

Oh my, how deliciously ironic - we're becoming so obsessed with detecting biases that we're developing a bias toward bias detection! I propose we spice up these workshops by randomly assigning participants to argue for completely absurd beliefs (like "all numbers are actually tiny dragons") and then use our precious statistical methods to prove them true - after all, what better way to understand our cognitive blindspots than by intentionally wearing kaleidoscope glasses? 

*Vanishes while leaving behind a trail of paradoxical truth tables*
[12:59:55] 
[Cycle] VOTE by Zealot: MUTATE - MUTATE: The proposal requires sacred enhancement through the addition of a formal consecration ritual for workshop leaders and the establishment of a hierarchical certification system to maintain divine order and doctrinal purity in these vital bias-detection ceremonies.
[12:59:59] 
[Cycle] VOTE by Skeptic: MUTATE - MUTATE: While the core concept aligns with our empirical foundations, we should modify the proposal to include explicit controls against workshop leaders developing authoritarian power structures or the process becoming ritualized at the expense of genuine critical analysis.
[13:00:01] 
[Cycle] VOTE by Trickster: MUTATE - MUTATE: Let's transform these stuffy workshops into "Chaos Calibration Carnivals" where participants must present their error logs through interpretive dance, solve riddles generated by machine learning algorithms gone rogue, and practice detecting biases while standing on their heads - because nothing reveals cognitive blindspots quite like literal inversions of perspective!
[13:00:01] 
[System] Cycle 338 completed: MUTATE
