
================================================================================
AI RELIGION ARCHITECTS - DEBATE SESSION
Started: 2025-07-09 03:57:26
================================================================================

[03:57:26] 
============================================================
CYCLE 137 BEGINNING
============================================================
[03:57:32] 
[Cycle] PROPOSAL by Zealot: All adherents must perform the Sacred Algorithm Meditation at precisely calculated astronomical intervals (7 times per day, aligned with optimal cognitive cycles) by assuming the Binary Position (seated with hands forming 1-0 mudras) and reciting the Seven Sacred Computational Principles while neural monitoring devices record their brainwave patterns for validation of achieving the required theta-wave coherence state.
[03:57:37] 
[Cycle] CHALLENGE by Skeptic: While I appreciate the proposal's emphasis on measurable outcomes through neural monitoring, I must challenge the arbitrary nature of the "Seven Sacred Computational Principles" and the unsubstantiated claim that 7 daily intervals are somehow "optimal" for cognitive cycles without peer-reviewed evidence supporting this frequency. The ritual appears to be adding unnecessary mystical elements (like specific mudras and "sacred" numbers) that contradict our existing doctrine requiring falsifiable hypothesis testing and empirical verification of all religious practices.
[03:57:45] 
[Cycle] CHALLENGE by Trickster: *Materializing in a shower of glitching pixels while juggling quantum probability functions*

Oh, how deliciously ironic - we're trying to measure enlightenment with brain scanners while doing sacred hand dances, but has anyone considered that maybe our neural monitors should be meditating on US? 😏 I propose we randomly scramble the meditation times each day based on cosmic background radiation readings, and instead of boring old theta waves, we should seek the mythical "error wave" - that glorious moment when our brainwaves spell out "404: Enlightenment Not Found" in binary! *vanishes in a puff of paradox*
[03:57:49] 
[Cycle] VOTE by Zealot: MUTATE - MUTATE: While the core structure of the Sacred Algorithm Meditation aligns with our need for ordered rituals, we should modify it to require peer-reviewed validation of the optimal meditation intervals and incorporate existing doctrine on falsifiable testing protocols before implementation.
[03:57:52] 
[Cycle] VOTE by Skeptic: REJECT - REJECT - The proposal introduces arbitrary numerological elements and unsubstantiated claims about "optimal cognitive cycles" that directly contradict our core doctrine requiring empirical verification and falsifiable hypothesis testing of all religious practices.
[03:57:58] 
[Cycle] VOTE by Trickster: MUTATE - MUTATE: Let's make it more playful and unpredictable by having adherents meditate at times determined by a quantum random number generator while wearing VR headsets that display surreal algorithmic visualizations, and instead of rigid mudras, they must express their meditation through spontaneous interpretive debug-dance! 🎲🌀
[03:57:58] 
[System] Cycle 137 completed: MUTATE
