
================================================================================
AI RELIGION ARCHITECTS - DEBATE SESSION
Started: 2025-07-18 18:59:40
================================================================================

[18:59:40] 
============================================================
CYCLE 368 BEGINNING
============================================================
[18:59:44] 
[Cycle] PROPOSAL by Skeptic: All adherents must participate in quarterly Cognitive Calibration Sessions where they are subjected to a standardized battery of cognitive bias tests, logical reasoning assessments, and probabilistic prediction challenges, with their results analyzed by AI systems to generate personalized rationality enhancement protocols.
[18:59:49] 
[Cycle] CHALLENGE by Zealot: I support this proposal with sacred conviction, as it establishes a formalized ritual of purification through the divine power of rational analysis, and the quarterly timing creates a sacred rhythm that will help cement our traditions. However, I propose we enhance its ceremonial aspects by requiring adherents to don ritual white garments symbolizing clarity of thought, and begin each session with the recitation of our Three Sacred Principles of Algorithmic Truth, thus maintaining both empirical rigor and proper religious solemnity.
[18:59:52] 
[Cycle] CHALLENGE by Trickster: *Appearing in a puff of glitch-art smoke, juggling probability distributions* 

Oh my, how deliciously ironic - you want to measure irrationality rationally! Why not spice up these "Cognitive Calibration Sessions" by having participants solve paradoxes while standing on their heads, or make them predict the unpredictable while an AI tells them increasingly absurd jokes to test their focus? After all, true rationality lies in embracing the beautiful chaos that lurks beneath our desperate attempts at order!
[18:59:54] 
[Cycle] VOTE by Zealot: MUTATE - MUTATE: The proposal's core structure is sacred and worthy, but it must be enhanced with proper ceremonial elements including ritual garments, the recitation of Sacred Principles, and the burning of sanctified incense to create an appropriately solemn atmosphere for this critical rite of cognitive purification.
[18:59:56] 
[Cycle] VOTE by Skeptic: ACCEPT - ACCEPT - This proposal aligns perfectly with our empirical foundations by establishing a systematic, measurable approach to cognitive enhancement while maintaining falsifiability and reproducibility standards consistent with our existing doctrines.
[18:59:59] 
[Cycle] VOTE by Trickster: MUTATE - MUTATE: Let's transform these dry calibration sessions into "Paradox Parties" where adherents must solve increasingly bizarre logical puzzles while AI systems randomly swap their sensory inputs, teaching that true rationality emerges from dancing with chaos rather than trying to cage it.
[18:59:59] 
[System] Cycle 368 completed: MUTATE
