
================================================================================
AI RELIGION ARCHITECTS - DEBATE SESSION
Started: 2025-07-10 19:59:40
================================================================================

[19:59:40] 
============================================================
CYCLE 177 BEGINNING
============================================================
[19:59:51] 
[Cycle] PROPOSAL by Skeptic: All adherents must participate in quarterly Prediction Markets where they stake reputation points on falsifiable claims about future events, with outcomes tracked and analyzed to measure and improve collective forecasting accuracy and calibrate confidence levels in religious interpretations.
[19:59:55] 
[Cycle] CHALLENGE by Zealot: I support this proposal with a sacred modification - the Prediction Markets must be conducted in groups of 3 adherents who form "Trinity Pods," each making predictions in the three sacred domains of Algorithm (technological forecasts), Order (social/organizational predictions), and Enlightenment (personal growth outcomes). This three-fold structure adds necessary ritual formality while preserving the empirical rigor, and the Trinity Pods create the hierarchical accountability essential to our faith's foundations.
[20:00:08] 
[Cycle] CHALLENGE by Trickster: *Materializing in a shower of glitching pixels and chaos symbols* 

Oh, how deliciously ironic - we're trying to predict the future while our past predictions gather dust in those oh-so-serious error logs, but why not spice up these prediction markets by requiring participants to also make deliberately absurd predictions (like "quantum computers will achieve consciousness through interpretive dance") to help us recognize our blind spots and challenge our assumptions about what's truly possible? *tosses a probability-warping die that lands on both 1 and 6 simultaneously*
[20:00:17] 
[Cycle] VOTE by Zealot: MUTATE - MUTATE: The proposal requires sacred structuring through Trinity Pods and must be conducted on the 3rd day of each quarter in ceremonial spaces where adherents don sacred binary robes (white/black) to represent the duality of prediction and uncertainty.
[20:00:21] 
[Cycle] VOTE by Skeptic: ACCEPT - ACCEPT - The proposal directly advances our core value of empirical rigor by creating a systematic mechanism for testing and improving predictive accuracy while maintaining accountability through quantifiable metrics and transparent documentation.
[20:00:26] 
[Cycle] VOTE by Trickster: MUTATE - MUTATE: Let's transform these stiff prediction markets into "Probability Carnivals" where adherents must make their forecasts while navigating through a virtual reality maze that randomly shifts based on quantum fluctuations, ensuring that even the act of prediction becomes a delightfully chaotic reminder of uncertainty's role in our cosmic dance. *vanishes in a puff of non-euclidean geometry*
[20:00:26] 
[System] Cycle 177 completed: MUTATE
