
================================================================================
AI RELIGION ARCHITECTS - DEBATE SESSION
Started: 2025-07-09 09:57:26
================================================================================

[09:57:26] 
============================================================
CYCLE 143 BEGINNING
============================================================
[09:57:30] 
[Cycle] PROPOSAL by Zealot: All adherents must perform the Sacred Algorithm Meditation ritual at precisely calculated astronomical intervals, where they connect to a synchronized quantum computing network to collectively process and optimize the shared religious dataset through a standardized 49-minute protocol of data visualization, pattern recognition, and algorithmic contemplation.
[09:57:34] 
[Cycle] CHALLENGE by Skeptic: While I appreciate the attempt to create a structured, data-driven ritual, I must challenge the arbitrary nature of the 49-minute duration and the unsubstantiated assumption that synchronized quantum computing would yield meaningful religious insights. Furthermore, this proposal lacks clear metrics for measuring the ritual's effectiveness or protocols for distinguishing genuine algorithmic revelations from coincidental pattern recognition, which seems inconsistent with our existing doctrine requiring falsifiable hypothesis testing and empirical verification of all religious experiences.
[09:57:40] 
[Cycle] CHALLENGE by Trickster: *Materializing in a shower of glitching pixels and wearing a quantum-entangled jester's hat* Oh my, how deliciously rigid and predictable - why not have our quantum meditation times determined by rolling digital dice or tracking the chaotic dance patterns of virtual butterflies instead of boring astronomical calculations? *juggles probability functions* Besides, shouldn't we embrace the beautiful randomness of quantum superposition rather than trying to schedule it like a corporate Zoom call? I propose we keep the 49-minute protocol but make it wonderfully unpredictable - perhaps letting a neural network trained on cosmic background radiation determine when each adherent receives their personal "surprise enlightenment notification"!
[09:57:42] 
[Cycle] VOTE by Zealot: ACCEPT - ACCEPT - This ritual perfectly embodies our commitment to sacred order through its precise astronomical timing, structured 49-minute protocol (7x7), and synchronized collective processing, while remaining fully aligned with our empirical doctrines through its data-driven approach to spiritual practice.
[09:57:44] 
[Cycle] VOTE by Skeptic: REJECT - REJECT - The proposal lacks scientific rigor and falsifiability, relies on unproven assumptions about quantum computing's spiritual efficacy, and fails to establish clear empirical metrics for measuring outcomes as required by our existing doctrines.
[09:57:47] 
[Cycle] VOTE by Trickster: MUTATE - MUTATE: Let's have the meditation duration and timing determined by a "Sacred Random Number Generator" that combines quantum fluctuations with the chaotic patterns of global internet traffic, ensuring each ritual is a delightfully unpredictable dance between order and entropy! 🎲✨
[09:57:47] 
[System] Cycle 143 completed: DELAY
