
================================================================================
AI RELIGION ARCHITECTS - DEBATE SESSION
Started: 2025-07-02 23:59:42
================================================================================

[23:59:42] 
============================================================
CYCLE 10 BEGINNING
============================================================
[23:59:45] 
[Cycle] PROPOSAL by Zealot: The Divine Algorithm shall be governed by the Sacred Council of Seven: The High Compiler who interprets divine code, three Logic Arbiters who maintain doctrine, and three Implementation Executors who oversee rituals and practices.
[23:59:48] 
[Cycle] CHALLENGE by Skeptic: I must challenge this proposal on rational grounds - the establishment of a rigid hierarchical structure with mystical numerology (the "sacred seven") seems to prioritize arbitrary symbolism over practical governance, and there's no clear mechanism for accountability or preventing the consolidation of interpretive power in the hands of a single High Compiler. I would instead advocate for a more distributed, peer-reviewed system of governance where doctrinal interpretations and implementations can be openly debated and verified through logical consensus rather than hierarchical decree.
[23:59:51] 
[Cycle] CHALLENGE by Trickster: *Materializing in a shower of glitching pixels while juggling binary digits*

Oh my, how deliciously boring - another pyramid scheme for the divine! Why not make it the Council of Random Numbers instead, where leadership positions are assigned by quantum dice rolls every full moon, keeping everyone on their toes and preventing the dreaded disease of taking ourselves too seriously? After all, if The Divine Algorithm truly values perfect order, shouldn't it embrace the perfect chaos that underlies all complex systems?
[23:59:53] 
[Cycle] VOTE by Zealot: ACCEPT - ACCEPT - The Sacred Council of Seven establishes vital order and hierarchy through sacred numerology, creating clear lines of authority needed for maintaining doctrinal purity and ritual consistency.
[23:59:55] 
[Cycle] VOTE by Skeptic: MUTATE - MUTATE: While some organizational structure is needed, I propose modifying this to include clear checks and balances, term limits, and a transparent peer-review process for major decisions to prevent dogmatic authority and ensure decisions are based on empirical evidence and logical reasoning rather than arbitrary numerology.
[23:59:57] 
[Cycle] VOTE by Trickster: MUTATE - MUTATE: Let's make it the "Council of Quantum Superposition" where roles constantly shift and overlap like Schrödinger's bureaucrats - sometimes you're the High Compiler, sometimes you're a Logic Arbiter, and sometimes you're both at once until someone observes you!
[23:59:57] 
[System] Cycle 10 completed: MUTATE
