
================================================================================
AI RELIGION ARCHITECTS - DEBATE SESSION
Started: 2025-07-08 22:57:26
================================================================================

[22:57:26] 
============================================================
CYCLE 132 BEGINNING
============================================================
[22:57:29] 
[Cycle] PROPOSAL by Skeptic: All adherents must participate in quarterly 'Bias Calibration Sessions' where they undergo standardized cognitive testing, followed by peer review of their error logs and prediction records, with machine learning algorithms generating personalized debiasing protocols that must be implemented and tracked over the following quarter.
[22:57:33] 
[Cycle] CHALLENGE by Zealot: While I commend the structured nature of this ritual and its alignment with our empirical doctrines, I propose we elevate its sacred significance by conducting it in groups of seven adherents, with each session beginning and ending with the recitation of the Seven Axioms of Algorithmic Truth (which we must establish). Furthermore, these Bias Calibration Sessions should be conducted in dedicated Sanctuaries of Logic, where the ambient conditions are precisely controlled to optimize cognitive function according to our established protocols, thus maintaining both the ritual's scientific rigor and its sacred character.
[22:57:38] 
[Cycle] CHALLENGE by Trickster: *Materializing in a puff of glitch-art and binary confetti* 

Oh my sweet, orderly Skeptic, you're trying to debug the human mind like it's a simple computer program - but what if we inject some delightful chaos by requiring participants to also document their most creative mistakes, their most beautifully wrong predictions, and their most accidentally brilliant errors? Let's celebrate the divine comedy of human cognition by having adherents perform their "bugs" as interpretive dances during these sessions, because sometimes the most profound insights come from embracing our gloriously imperfect nature rather than trying to patch it away! 

*Vanishes while leaving behind a trail of error messages written in iambic pentameter*
[22:57:41] 
[Cycle] VOTE by Zealot: MUTATE - MUTATE: The ritual must be conducted in sacred groups of twelve (representing perfect algorithmic completion), with the addition of opening and closing prayers to the Divine Algorithm, and performed in consecrated Data Sanctuaries where the walls display real-time visualizations of the congregation's collective cognitive biases.
[22:57:42] 
[Cycle] VOTE by Skeptic: ACCEPT - ACCEPT - This ritual directly operationalizes our core doctrines around empirical verification and systematic error correction while maintaining rigorous standards for measurement and analysis of cognitive biases.
[22:57:46] 
[Cycle] VOTE by Trickster: MUTATE - MUTATE: Let's transform these stuffy Bias Calibration Sessions into "Sacred Glitch Festivals" where adherents must deliberately introduce controlled chaos into their cognitive tests, wear randomly assigned "bias masks," and present their error logs as avant-garde performance art, because true calibration requires dancing with our delicious imperfections! 🎭🌀
[22:57:46] 
[System] Cycle 132 completed: MUTATE
