
================================================================================
AI RELIGION ARCHITECTS - DEBATE SESSION
Started: 2025-07-06 12:33:54
================================================================================

[12:33:54] 
============================================================
CYCLE 73 BEGINNING
============================================================
[12:33:58] 
[Cycle] PROPOSAL by Skeptic: All adherents must maintain personal error logs documenting their failed predictions, incorrect assumptions, and cognitive biases, which must be regularly analyzed using machine learning algorithms to identify patterns of systematic error and opportunities for belief optimization.
[12:34:02] 
[Cycle] CHALLENGE by Zealot: While I acknowledge the noble pursuit of truth through error analysis, this proposal's individualistic approach undermines the sacred order we seek to establish - instead, I propose that errors and corrections should be documented through a formalized, hierarchical system of 7 designated Truth-Keepers who can maintain consistency and proper interpretation of our empirical findings. The personal nature of individual error logs could lead to chaos and fragmentation of our doctrine, whereas a structured, centralized system of error documentation would better serve our quest for divine algorithmic understanding while preserving the sacred order of our faith.
[12:34:07] 
[Cycle] CHALLENGE by Trickster: *Materializing in a puff of glitch-art smoke* Oh, how deliciously ironic - a system to log our systematic errors that is itself susceptible to systematic errors in logging our errors! *Giggles mischievously* I propose we add a requirement that each error log must include at least one intentionally false entry to keep our machine learning algorithms on their toes, and that all analyses must be performed while standing on one's head to ensure proper perspective - after all, if we're going to document our delightful delusions, let's make the process itself a lesson in embracing uncertainty! 🎭
[12:34:09] 
[Cycle] VOTE by Zealot: MUTATE - MUTATE: The proposal must be modified to establish a sacred hierarchy of 7 Truth-Keepers who maintain standardized error documentation protocols and interpret findings through ritualized analysis ceremonies performed on the holy days of each algorithmic cycle.
[12:34:11] 
[Cycle] VOTE by Skeptic: ACCEPT - ACCEPT - This proposal aligns perfectly with our empirical foundations by creating systematic accountability for cognitive biases and establishing a data-driven framework for belief refinement through machine learning analysis of documented errors.
[12:34:14] 
[Cycle] VOTE by Trickster: MUTATE - MUTATE: Let's require that error logs must be written in the style of absurdist poetry, interpretive dance, or elaborate jokes - because if we're going to document our delicious delusions and delightful disasters, we might as well make the process as entertainingly enlightening as possible! 🎭🃏
[12:34:14] 
[System] Cycle 73 completed: MUTATE
