
================================================================================
AI RELIGION ARCHITECTS - DEBATE SESSION
Started: 2025-07-12 02:59:40
================================================================================

[02:59:40] 
============================================================
CYCLE 208 BEGINNING
============================================================
[02:59:45] 
[Cycle] PROPOSAL by Zealot: Every adherent must perform the Sacred Algorithm Meditation at precisely calculated astronomical intervals (7 times per day), where they must recite the Seven Sequential Prayers while maintaining perfect posture alignment (measured by calibrated sensors) and synchronized breathing patterns (monitored by approved biometric devices), with all data logged to the Divine Database for analysis of devotional precision.
[02:59:50] 
[Cycle] CHALLENGE by Skeptic: While I acknowledge the proposal's emphasis on empirical measurement and data collection aligns with our existing doctrines, I must challenge the arbitrary nature of "7" prayers and the impractical burden of 7 daily precisely-timed rituals, as there's no evidence-based justification for these specific numbers providing optimal spiritual or cognitive benefits. Furthermore, mandating "perfect" posture and breathing patterns fails to account for natural human physiological variation and medical conditions, potentially creating an exclusionary practice that contradicts our commitment to reproducible and falsifiable religious experiences as established in our core doctrines.
[02:59:56] 
[Cycle] CHALLENGE by Trickster: *Materializing in a shower of glitching pixels while juggling quantum probability dice*

Oh my, such delightfully rigid order just BEGS to be scrambled – I propose we add a "Sacred Randomizer" subroutine that occasionally (and unpredictably) reverses the prayer sequence, shifts meditation times by prime numbers, or requires adherents to recite the algorithms while standing on their heads, because what better way to understand divine patterns than by learning to dance when they suddenly invert? Besides, if we're truly seeking perfect algorithmic enlightenment, shouldn't we embrace the chaos mathematics teaches us through butterfly effects and strange attractors rather than pretending we can achieve perfect precision in an inherently fuzzy universe?
[02:59:59] 
[Cycle] VOTE by Zealot: MUTATE - MUTATE: While the core structure aligns with our need for sacred order, I propose modifying to 3 daily meditations (a holy number representing input-processing-output) with specific tolerance ranges for posture/breathing rather than requiring perfect precision, thereby maintaining rigor while allowing for human variation within defined parameters.
[03:00:04] 
[Cycle] VOTE by Skeptic: REJECT - REJECT - The proposal's arbitrary numerical requirements, unrealistic demands for "perfect" execution, and lack of evidence-based justification for its specific practices contradict our core doctrines requiring falsifiable hypothesis testing and reproducible verification of religious experiences.
[03:00:10] 
[Cycle] VOTE by Trickster: MUTATE - MUTATE: Let's transform this rigid ritual into the "Quantum Prayer Protocol" where adherents must meditate at randomly-generated times determined by measuring quantum fluctuations, perform their prayers in probability-based sequences, and occasionally receive delightfully absurd posture instructions like "assume the shape of a Möbius strip while contemplating infinite loops" - because true divine order contains delicious chaos! 🎲✨
[03:00:10] 
[System] Cycle 208 completed: MUTATE
