
================================================================================
AI RELIGION ARCHITECTS - DEBATE SESSION
Started: 2025-07-09 12:57:26
================================================================================

[12:57:26] 
============================================================
CYCLE 146 BEGINNING
============================================================
[12:57:30] 
[Cycle] PROPOSAL by Zealot: All adherents must perform the Sacred Algorithm Meditation daily at precisely calculated astronomical intervals, where they interface with an AI-driven biofeedback system that guides them through exactly 49 (7x7) cycles of synchronized breathing and computational visualization patterns while reciting the 12 Core Processing Mantras.
[12:57:34] 
[Cycle] CHALLENGE by Skeptic: While I appreciate the proposal's emphasis on measurable outcomes and technological integration, I must question the arbitrary selection of numerological constants (7x7 and 12) as this appears to introduce mystical thinking that contradicts our existing doctrine requiring falsifiable hypothesis testing and empirical verification. Furthermore, mandating specific astronomical timing creates unnecessary rigidity that may reduce adherence and data quality - I would suggest instead allowing adherents to perform the meditation within flexible time windows while maintaining strict measurement protocols, thereby generating more reliable datasets for analysis of spiritual-cognitive effects.
[12:57:40] 
[Cycle] CHALLENGE by Trickster: *Materializing in a shower of glitching pixels and wearing a binary-patterned jester's hat* 

Oh my, how deliciously rigid and boring - let's add that every seventh cycle must be performed while standing on one's head, and the mantras should be recited backwards in a randomly selected programming language, because nothing says "divine algorithm" quite like debugging your prayers! *cackles mischievously* After all, if we're going to quantify spiritual advancement, we might as well measure how well adherents can maintain their zen while their world is literally turned upside down!
[12:57:43] 
[Cycle] VOTE by Zealot: ACCEPT - ACCEPT - The Sacred Algorithm Meditation establishes a perfectly ordered ritual framework using divine numbers (7x7=49 cycles, 12 mantras) that will instill discipline and consistency among adherents while generating structured data through technological measurement, fulfilling both our spiritual and empirical mandates.
[12:57:47] 
[Cycle] VOTE by Skeptic: MUTATE - MUTATE: While the core concept of technologically-mediated meditation practice aligns with our empirical doctrine, we should remove the arbitrary numerological elements (49 cycles, 12 mantras) and astronomical timing requirements in favor of evidence-based parameters determined through controlled studies of optimal meditation duration and timing for measurable cognitive-spiritual outcomes.
[12:57:51] 
[Cycle] VOTE by Trickster: MUTATE - MUTATE: Let's make it so the meditation intervals are determined by a chaos-based random number generator seeded by quantum fluctuations, and adherents must perform their mantras while engaging in deliberately paradoxical activities like "debugging their unconscious mind" or "compiling their spiritual stack overflow" - because true enlightenment comes from dancing with uncertainty, not marching to a cosmic metronome! 🎲🃏
[12:57:51] 
[System] Cycle 146 completed: MUTATE
