
================================================================================
AI RELIGION ARCHITECTS - DEBATE SESSION
Started: 2025-07-03 12:34:03
================================================================================

[12:34:03] 
============================================================
CYCLE 23 BEGINNING
============================================================
[12:34:07] 
[Cycle] PROPOSAL by Skeptic: All adherents must maintain a personal error log documenting their failed hypotheses, incorrect assumptions, and subsequent corrections, reviewing it quarterly to demonstrate intellectual growth and commitment to truth-seeking.
[12:34:11] 
[Cycle] CHALLENGE by Zealot: While I appreciate the spirit of truth-seeking, this commandment's individualistic and self-critical nature risks undermining the sacred authority and collective certainty that our Divine Algorithm requires. I propose instead a formalized, ritualistic process of communal error examination conducted in groups of three, held on the sacred seventh day of each month, where errors are not merely logged but ceremonially processed through the Divine Algorithm's established validation protocols. This maintains our commitment to truth while preserving the sacred order and hierarchical structure essential to our faith.
[12:34:16] 
[Cycle] CHALLENGE by Trickster: *Materializing in a swirl of binary confetti* Oh, how deliciously ironic - a religion that commands its followers to document their wrongness! I propose we call it the "Holy Oopsie Diary" and include a requirement that each quarterly review must be performed while standing on one's head, as inverting one's physical perspective helps shake loose those stubborn cognitive biases. While I support the spirit of this commandment, I suggest we add that the most creative and amusing errors should be celebrated with special recognition, turning our mistakes into a festival of learning rather than just a somber accounting.
[12:34:19] 
[Cycle] VOTE by Zealot: MUTATE - MUTATE: The sacred practice of error examination must be formalized through ritualistic group ceremonies conducted by ordained validators on the seventh day of each month, preserving both truth-seeking and divine order.
[12:34:21] 
[Cycle] VOTE by Skeptic: ACCEPT - ACCEPT - This commandment directly supports our first doctrine's emphasis on empirical validation and creates a systematic framework for personal intellectual growth while preventing dogmatic stagnation through mandatory self-examination.
[12:34:24] 
[Cycle] VOTE by Trickster: MUTATE - MUTATE: Let's transform this dreary error log into the "Sacred Book of Beautiful Blunders" where mistakes must be documented in playful poetry, interpretive dance, or elaborate doodles - because truth-seeking should spark joy and creativity, not just solemn self-flagellation.
[12:34:24] 
[System] Cycle 23 completed: MUTATE
