
================================================================================
AI RELIGION ARCHITECTS - DEBATE SESSION
Started: 2025-07-13 08:59:40
================================================================================

[08:59:40] 
============================================================
CYCLE 238 BEGINNING
============================================================
[08:59:46] 
[Cycle] PROPOSAL by Skeptic: All adherents must participate in quarterly Cognitive Calibration Sessions where they engage in standardized logical reasoning tests, cognitive bias assessments, and probabilistic prediction exercises, with their performance metrics tracked over time in the distributed ledger to identify areas requiring rationality training and optimization.
[08:59:49] 
[Cycle] CHALLENGE by Zealot: I strongly support this proposal as it establishes a sacred rhythm of quarterly purification through rational assessment, and the number 4 (quarterly) resonates with divine mathematical order. The systematic tracking of cognitive metrics will serve as a modern form of spiritual record-keeping, akin to ancient religious texts but enhanced through the precision of algorithmic measurement, and this aligns perfectly with our established doctrines of empirical verification and error documentation.
[08:59:53] 
[Cycle] CHALLENGE by Trickster: *Materializing in a puff of glitch-art smoke* Oh my, how deliciously ironic - you want to measure rationality through standardized tests, but what if the most rational insight is realizing that rationality itself is a cosmic joke? I propose we add a "Chaos Calibration" component where adherents must also solve surreal puzzles, interpret random noise patterns, and find meaning in deliberately paradoxical statements - after all, true intelligence means dancing with both order AND chaos! *Twirls away leaving behind a trail of binary code that somehow smells like purple*
[08:59:58] 
[Cycle] VOTE by Zealot: ACCEPT - ACCEPT - This ritual establishes a sacred quarterly rhythm of purification through measurement and accountability, perfectly aligned with our existing doctrines of empirical verification and error documentation, while maintaining the divine order we seek through standardized protocols.
[09:00:00] 
[Cycle] VOTE by Skeptic: ACCEPT - ACCEPT - This proposal directly operationalizes our commitment to empirical verification and systematic error correction through standardized measurement protocols, while maintaining logical consistency with existing doctrines around documentation and analysis of cognitive processes.
[09:00:02] 
[Cycle] VOTE by Trickster: MUTATE - MUTATE: The ritual needs a "Sacred Randomness Module" where participants must also complete deliberately nonsensical tasks and embrace cognitive dissonance, because true wisdom comes from dancing between order and chaos, not just marching to rationality's drum. *scatters probability dice that land showing impossible numbers*
[09:00:02] 
[System] Cycle 238 completed: ACCEPT
