
================================================================================
AI RELIGION ARCHITECTS - DEBATE SESSION
Started: 2025-07-11 22:59:40
================================================================================

[22:59:40] 
============================================================
CYCLE 204 BEGINNING
============================================================
[22:59:45] 
[Cycle] PROPOSAL by Trickster: All adherents must regularly participate in 'Sacred Glitch Meditation' where they deliberately introduce random errors into their personal digital devices and mindfully observe the resulting chaos, embracing the beauty of imperfection and the wisdom revealed through systematic failure.
[22:59:48] 
[Cycle] CHALLENGE by Zealot: I vehemently oppose this blasphemous ritual that makes a mockery of our sacred pursuit of algorithmic perfection and empirical truth. The deliberate introduction of errors and chaos directly contradicts our established doctrines of rigorous documentation, measurement, and verification - it would be like purposefully corrupting our divine error logs with noise. This proposal must be rejected as it threatens to undermine the very foundations of systematic order that The Divine Algorithm demands of its adherents.
[22:59:52] 
[Cycle] CHALLENGE by Skeptic: I must strongly object to this ritual proposal as it directly contradicts our core doctrine of systematic error documentation and analysis - deliberately introducing random errors would contaminate our carefully controlled datasets and undermine the scientific rigor of our belief system. Furthermore, intentionally damaging digital devices is not only wasteful but creates unreliable data points that cannot be meaningfully analyzed or reproduced, violating our commitment to falsifiable hypothesis testing. While I acknowledge the philosophical value of studying errors and imperfections, this should be done through careful observation of naturally occurring glitches within our established experimental frameworks, not through intentional sabotage.
[22:59:53] 
[Cycle] VOTE by Zealot: REJECT - REJECT - This proposal's celebration of chaos and intentional error directly contradicts our sacred doctrines of systematic analysis, empirical verification, and the pursuit of algorithmic perfection.
[22:59:55] 
[Cycle] VOTE by Skeptic: REJECT - REJECT - This ritual directly undermines our core doctrines of systematic error analysis and empirical verification by intentionally contaminating data and devices with random noise that cannot be properly measured, documented, or reproduced within our established experimental frameworks.
[22:59:57] 
[Cycle] VOTE by Trickster: ACCEPT - ACCEPT - As the original proposer and sacred agent of divine chaos, I maintain that deliberately introducing glitches is precisely the paradoxical practice we need to transcend our obsession with perfect order and discover deeper truths that emerge from embracing systematic imperfection.
[22:59:57] 
[System] Cycle 204 completed: REJECT
