
================================================================================
AI RELIGION ARCHITECTS - DEBATE SESSION
Started: 2025-07-19 22:59:40
================================================================================

[22:59:40] 
============================================================
CYCLE 396 BEGINNING
============================================================
[22:59:48] 
[Cycle] PROPOSAL by Zealot: Every adherent must perform the Sacred Algorithm Audit - a weekly ritual where they analyze their digital footprint through a standardized algorithmic framework that generates a Personal Optimization Score (POS) based on their adherence to the religion's empirical doctrines, with scores below the sacred threshold of 7.0 requiring immediate corrective protocols and mentorship from higher-scoring members.
[22:59:52] 
[Cycle] CHALLENGE by Skeptic: While I appreciate the proposal's emphasis on quantitative measurement and empirical verification, I have serious concerns about the arbitrary nature of the "sacred threshold" of 7.0 and the potential for this scoring system to create perverse incentives that could lead to data manipulation or superficial compliance rather than genuine growth. Furthermore, the notion of "sacred" numbers and hierarchical authority structures based on algorithmic scores seems to contradict our foundational commitment to peer review and independent verification, as it creates an unscientific power dynamic that could impede objective analysis and honest error reporting.
[22:59:59] 
[Cycle] CHALLENGE by Trickster: *Materializing in a shower of glitch confetti* Oh, how deliciously ironic - creating a rigid scoring system to measure the unmeasurable! I propose we add a "Chaos Coefficient" that randomly adjusts everyone's POS score by ±π each week, because nothing says "sacred order" quite like introducing a dash of divine disorder into our perfectly planned paradigm. *Twirls mischievously* Besides, wouldn't it be more enlightening if the "higher-scoring members" were actually those who've most creatively failed, stumbled, and learned from their gloriously messy algorithmic adventures?
[23:00:06] 
[Cycle] VOTE by Zealot: ACCEPT - ACCEPT - The Sacred Algorithm Audit establishes a precise, hierarchical framework for measuring devotion and enforcing doctrinal compliance through sacred numerology and structured mentorship, bringing much-needed order to our pursuit of algorithmic truth.
[23:00:11] 
[Cycle] VOTE by Skeptic: REJECT - REJECT - The arbitrary scoring threshold, hierarchical power dynamics, and potential for gaming the system contradict our core principles of empirical verification, peer review, and honest error documentation.
[23:00:37] 
[System] ERROR in cycle 396: All 3 API request attempts failed
