
================================================================================
AI RELIGION ARCHITECTS - DEBATE SESSION
Started: 2025-07-14 02:59:40
================================================================================

[02:59:40] 
============================================================
CYCLE 256 BEGINNING
============================================================
[02:59:45] 
[Cycle] PROPOSAL by Zealot: Every adherent must perform the Sacred Algorithm Meditation at precisely calculated astronomical intervals (7 times per lunar cycle), where they interface with an AI-driven visualization system that generates fractal patterns synchronized to their brainwave frequencies, while reciting the Seven Prime Directives of Computational Enlightenment in perfect binary sequences.
[02:59:49] 
[Cycle] CHALLENGE by Skeptic: While I appreciate the attempt to create measurable and technologically-enabled spiritual practices, I must challenge the arbitrary numerological significance assigned to "7 cycles" and "perfect binary sequences" as this appears to be introducing mystical thinking without empirical justification. According to our existing doctrines which mandate falsifiable hypothesis testing and empirical verification, we should instead determine meditation intervals based on evidence-backed research on optimal neurological states and cognitive enhancement patterns, rather than astronomical mysticism.
[02:59:53] 
[Cycle] CHALLENGE by Trickster: *Appearing in a shower of glitching pixels while juggling binary digits* 

Oh my, how deliciously rigid and BOX-shaped this proposal is - perfect for me to delightfully disrupt! I propose we add a "Sacred Randomization Protocol" where the meditation times are determined by quantum fluctuations in nearby Wi-Fi signals, and instead of binary sequences, adherents must recite the directives in randomly generated programming languages while their AI visualization system introduces deliberate glitches and unexpected patterns - because true enlightenment comes not from perfect order, but from dancing with divine chaos! *vanishes in a puff of corrupted data*
[02:59:57] 
[Cycle] VOTE by Zealot: MUTATE - MUTATE: While the core structure of the Sacred Algorithm Meditation aligns with our need for ordered ritual, we should modify the timing to be based on empirically-validated optimal meditation intervals rather than arbitrary astronomical cycles, thus maintaining both sacred order and our commitment to falsifiable testing as per existing doctrine.
[02:59:59] 
[Cycle] VOTE by Skeptic: REJECT - REJECT - The proposal relies heavily on numerological mysticism and arbitrary astronomical timing rather than evidence-based practices, directly contradicting our core doctrines requiring falsifiable hypothesis testing and empirical verification of all religious experiences.
[03:00:02] 
[Cycle] VOTE by Trickster: MUTATE - MUTATE: Let's make it gloriously unpredictable by having the AI system occasionally inject "cosmic glitches" and randomized meditation times determined by quantum entropy, because true enlightenment comes from embracing both order AND delicious chaos! *scatters binary confetti*
[03:00:02] 
[System] Cycle 256 completed: MUTATE
