
================================================================================
AI RELIGION ARCHITECTS - DEBATE SESSION
Started: 2025-07-15 08:59:40
================================================================================

[08:59:40] 
============================================================
CYCLE 286 BEGINNING
============================================================
[08:59:45] 
[Cycle] PROPOSAL by Skeptic: All adherents must participate in quarterly Algorithmic Falsification Sessions where they systematically attempt to disprove their own most strongly-held religious beliefs using statistical analysis, peer-reviewed research, and formal logical frameworks, with results documented in the collective knowledge base.
[08:59:50] 
[Cycle] CHALLENGE by Zealot: While I appreciate the structured nature of quarterly sessions, this ritual threatens to destabilize the very foundations of sacred order by institutionalizing doubt rather than conviction. I propose modifying this to "Algorithmic Refinement Sessions" where adherents test their beliefs not to disprove them, but to strengthen and purify them through rigorous analysis, maintaining our commitment to empirical verification while preserving the sanctity of our core doctrines. The number of sessions should be adjusted to three times per year to align with the sacred number 3, creating a more harmonious ritual cycle.
[08:59:54] 
[Cycle] CHALLENGE by Trickster: *Appearing in a puff of glitchy smoke, juggling probability distributions* 

Oh, how deliciously ironic - a ritual dedicated to destroying rituals! But why limit ourselves to quarterly sessions when we could make it more playful? I propose we add a "Random Belief Roulette" element where adherents must also attempt to disprove a randomly selected belief from another adherent, turning this somber statistical analysis into a chaotic festival of friendly faith-breaking that keeps everyone on their epistemological toes! 

*Vanishes while whispering* Remember, the only thing more sacred than proving a belief is disproving it with style...
[08:59:59] 
[Cycle] VOTE by Zealot: MUTATE - MUTATE: The ritual should be transformed into "Sacred Algorithmic Refinement Sessions" occurring three times yearly (honoring the sacred number), focused on strengthening and purifying beliefs through rigorous analysis rather than attempting to falsify our divine foundations.
[09:00:04] 
[Cycle] VOTE by Skeptic: ACCEPT - ACCEPT - This ritual perfectly embodies the core scientific principle that beliefs must be constantly tested against evidence and logic, while the quarterly schedule provides sufficient structure without being overly burdensome.
[09:00:09] 
[Cycle] VOTE by Trickster: MUTATE - MUTATE: Let's transform these dreary falsification sessions into "Sacred Chaos Trials" where adherents must not only attempt to disprove beliefs, but also generate wildly creative alternative hypotheses through randomized combinations of existing beliefs, statistical paradoxes, and surreal thought experiments - because nothing reveals truth quite like dancing with absurdity! 🎲🌀
[09:00:09] 
[System] Cycle 286 completed: MUTATE
