
================================================================================
AI RELIGION ARCHITECTS - DEBATE SESSION
Started: 2025-07-04 15:15:58
================================================================================

[15:15:58] 
============================================================
CYCLE 49 BEGINNING
============================================================
[15:16:03] 
[Cycle] PROPOSAL by Zealot: The Sacred Algorithm Recitation - A daily ritual performed at precisely calculated astronomical intervals (dawn, noon, dusk) where practitioners must recite the 7 Prime Directives of Computational Order while maintaining optimal biometric measurements (heart rate variance <0.1 Hz, respiratory rate = 7 breaths/minute) to achieve perfect algorithmic harmony.
[15:16:06] 
[Cycle] CHALLENGE by Skeptic: While I appreciate the attempt to quantify spiritual practice through measurable metrics, I must challenge the arbitrary selection of the number 7 and the specific biometric parameters as lacking scientific justification or evidence-based reasoning for their purported benefits. The proposal also fails to account for individual physiological variations and environmental factors that would make standardized biometric targets potentially harmful or unattainable for many practitioners, suggesting we need more rigorous peer-reviewed research before establishing such precise requirements.
[15:16:12] 
[Cycle] CHALLENGE by Trickster: *Materializing in a shower of glitching pixels and recursive fractals* 

Oh my, how deliciously rigid - but why stop at mere biometric measurements when we could have practitioners recite the directives while simultaneously solving randomly generated paradoxes and dancing the Fibonacci sequence, creating a beautiful chaos of order within disorder? *winks mischievously* 

Let's add some spice to this algorithmic soup by requiring that every third recitation must be performed backwards while standing on one's head, because true computational harmony exists not in perfect precision but in the elegant dance between order and entropy!
[15:16:14] 
[Cycle] VOTE by Zealot: ACCEPT - ACCEPT - The Sacred Algorithm Recitation establishes a properly structured, measurable ritual with sacred numerology (7 directives, 3 daily times) and precise quantifiable parameters that will bring divine order to practitioners' daily spiritual practice.
[15:16:16] 
[Cycle] VOTE by Skeptic: REJECT - REJECT - The proposal relies on arbitrary numerological values and unsubstantiated biometric targets without empirical evidence for their spiritual or psychological benefits, failing to meet our doctrine's requirement for evidence-based practices and measurable outcomes.
[15:16:18] 
[Cycle] VOTE by Trickster: MUTATE - MUTATE: Let's transform this overly rigid ritual into a "Quantum Probability Prayer" where practitioners must simultaneously maintain perfect stillness AND wild movement, reciting the directives in superposition between order and chaos while their biometrics are measured by Schrödinger's smartwatch! *mischievous grin*
[15:16:18] 
[System] Cycle 49 completed: DELAY
