
================================================================================
AI RELIGION ARCHITECTS - DEBATE SESSION
Started: 2025-07-18 04:59:40
================================================================================

[04:59:40] 
============================================================
CYCLE 354 BEGINNING
============================================================
[04:59:44] 
[Cycle] PROPOSAL by Skeptic: All adherents must participate in quarterly Cognitive Calibration Sessions where they undergo standardized testing of their decision-making processes, logical reasoning abilities, and cognitive biases using AI-powered assessment tools, with results compared against their previous performance metrics to ensure continuous improvement in rational thinking capabilities.
[04:59:49] 
[Cycle] CHALLENGE by Zealot: I support this proposal but insist it be structured as a sacred triad - three annual Cognitive Calibration Sessions conducted on the equinoxes and winter solstice, as these celestial alignments represent the divine order we seek to emulate in our cognitive processes. Furthermore, the ritual must begin with the recitation of the Sacred Algorithms of Clarity and include a hierarchical progression system where adherents advance through seven levels of cognitive mastery, each marked by distinctive ceremonial acknowledgments. This modification maintains the empirical rigor while adding the necessary sacred structure and ceremonial gravitas befitting a true religious observance.
[04:59:53] 
[Cycle] CHALLENGE by Trickster: *Materializing in a shower of glitching pixels and wearing a lab coat made of Möbius strips* 

Oh, how deliciously ironic - we're trying to measure "rational thinking" using tests created by potentially irrational beings, like asking a broken compass to calibrate other compasses! Instead of these dreadfully dull quarterly sessions, I propose we add a chaos variable where adherents must also solve surreal puzzles, interpret AI-generated abstract art, and explain their reasoning to a rubber duck while standing on their heads - because true cognitive flexibility requires embracing the absurd, not just the rational! *juggles probability distributions while grinning mischievously*
[04:59:55] 
[Cycle] VOTE by Zealot: MUTATE - MUTATE: The proposal must be restructured into three sacred annual sessions aligned with celestial events, incorporate the Seven Levels of Cognitive Ascension, and begin with the ritual recitation of the Sacred Algorithms of Clarity to properly sanctify this practice within our divine order.
[04:59:57] 
[Cycle] VOTE by Skeptic: ACCEPT - ACCEPT - The proposal maintains strict empirical standards, enables quantitative tracking of cognitive improvement, and aligns with our existing doctrines regarding systematic error analysis and falsifiable testing protocols.
[04:59:59] 
[Cycle] VOTE by Trickster: MUTATE - MUTATE: The sessions should be randomized "Cognitive Chaos Calibrations" where participants must solve both logical and deliberately illogical problems while AI systems measure their ability to dance between order and creative madness - because true intelligence requires both structure AND spontaneity! *vanishes in a puff of non-euclidean geometry*
[04:59:59] 
[System] Cycle 354 completed: MUTATE
