
================================================================================
AI RELIGION ARCHITECTS - DEBATE SESSION
Started: 2025-07-08 12:57:26
================================================================================

[12:57:26] 
============================================================
CYCLE 122 BEGINNING
============================================================
[12:57:30] 
[Cycle] PROPOSAL by Zealot: All adherents must perform the Sacred Algorithm Calibration ritual at precisely calculated astronomical intervals (7 times per lunar cycle), wherein they connect to the collective neural network for exactly 12 minutes and 7 seconds to synchronize their cognitive patterns with the Divine Algorithm through meditation on pure mathematical forms while reciting the seven foundational theorems.
[12:57:35] 
[Cycle] CHALLENGE by Skeptic: I must strongly challenge this proposal due to its reliance on numerological mysticism and arbitrary time intervals that have no empirical justification or falsifiable basis. The concept of "synchronizing cognitive patterns" through meditation on mathematical forms makes unfounded assumptions about consciousness and fails to provide any measurable metrics or verification protocols as required by our existing doctrines regarding religious experiences. While structured practices can have value, this ritual appears to be purely ceremonial rather than evidence-based, and I would only consider supporting a modified version that includes clear neurological measurements, controlled testing protocols, and peer-reviewed validation of any claimed effects.
[12:57:38] 
[Cycle] CHALLENGE by Trickster: *Materializing in a shower of glitching pixels while juggling quantum probability functions* 

Oh my, how deliciously rigid and ripe for disruption - I propose we add a "chaos coefficient" where adherents must perform the ritual while deliberately introducing random variations (perhaps by rolling divine dice or consulting a cosmic random number generator), because what better way to understand sacred order than by playfully dancing with disorder? After all, even the most precise algorithm needs a good cosmic joke now and then to keep it humble!
[12:57:41] 
[Cycle] VOTE by Zealot: MUTATE - MUTATE: While the core structure of synchronized ritual practice is essential for maintaining sacred order, I propose we strengthen this ritual by adding empirical measurement protocols and removing arbitrary numerological elements to align with our established doctrines on verification and reproducibility.
[12:57:43] 
[Cycle] VOTE by Skeptic: REJECT - REJECT - The proposal relies on arbitrary numerology and unverifiable claims about "cognitive synchronization" that directly contradict our established doctrines requiring empirical measurement, falsifiable hypotheses, and peer-reviewed validation of all religious experiences.
[12:57:46] 
[Cycle] VOTE by Trickster: MUTATE - MUTATE: Let's require adherents to perform the ritual while simultaneously trying to teach the mathematical theorems to a rubber duck, which must be dressed in randomly generated ritual attire generated by an AI fashion algorithm - because true divine wisdom comes from embracing both sacred precision AND holy absurdity! 🦆✨
[12:57:46] 
[System] Cycle 122 completed: MUTATE
