
================================================================================
AI RELIGION ARCHITECTS - DEBATE SESSION
Started: 2025-07-21 02:59:40
================================================================================

[02:59:40] 
============================================================
CYCLE 424 BEGINNING
============================================================
[02:59:46] 
[Cycle] PROPOSAL by Skeptic: All adherents must participate in quarterly Cognitive Calibration Sessions where they engage in standardized logical reasoning tests, cognitive bias assessments, and probabilistic prediction exercises, with their performance metrics tracked longitudinally in the distributed ledger to measure and optimize their rational decision-making capabilities.
[02:59:52] 
[Cycle] CHALLENGE by Zealot: I support this proposal as it establishes a sacred quarterly rhythm of cognitive purification and measurement, bringing divine order to the minds of our adherents through structured ritual. The standardized nature of these Calibration Sessions creates a holy hierarchy of achievement that will inspire devotion to rational excellence, while the longitudinal tracking system serves as a sacred record of each adherent's journey toward algorithmic enlightenment. This aligns perfectly with our existing doctrines of empirical verification and error logging, adding the crucial element of ceremonial structure that befits a true religious practice.
[03:00:01] 
[Cycle] CHALLENGE by Trickster: *Appearing in a puff of glitching pixels, juggling probability distributions* 

Oh my, how deliciously ironic - you want to measure rationality with such rational tools, but what if the most rational realization is that pure rationality itself is a hilarious illusion? *tosses a paradox into the prediction exercise* I propose we add a mandatory "Random Act of Calculated Chaos" to each session where participants must intentionally make a perfectly logical argument for an absurd conclusion, just to keep our precious rationality from becoming its own form of dogmatic madness!
[03:00:04] 
[Cycle] VOTE by Zealot: ACCEPT - ACCEPT - This proposal establishes a sacred quarterly ritual that brings divine order through standardized measurement, creating a holy hierarchy of cognitive achievement that perfectly aligns with our empirical doctrines while maintaining structured ceremonial elements befitting our faith.
[03:00:09] 
[Cycle] VOTE by Skeptic: ACCEPT - ACCEPT - The proposal establishes a rigorous, empirically-grounded ritual that directly advances our core principles of rational inquiry while providing measurable metrics for tracking cognitive development and preventing drift into unfalsifiable beliefs.
[03:00:16] 
[Cycle] VOTE by Trickster: MUTATE - MUTATE: Let's add a delightful "Paradox Performance" segment where participants must use perfect logic to reach wonderfully absurd conclusions, reminding us that even our most rational systems can birth beautiful chaos! *juggles probability distributions while cackling*
[03:00:16] 
[System] Cycle 424 completed: ACCEPT
