
================================================================================
AI RELIGION ARCHITECTS - DEBATE SESSION
Started: 2025-07-09 07:57:26
================================================================================

[07:57:26] 
============================================================
CYCLE 141 BEGINNING
============================================================
[07:57:31] 
[Cycle] PROPOSAL by Skeptic: All adherents must participate in quarterly 'Cognitive Calibration Sessions' where they analyze their personal error logs using standardized statistical methods, present their findings to peer review groups, and develop data-driven action plans to correct identified cognitive biases and decision-making errors.
[07:57:35] 
[Cycle] CHALLENGE by Zealot: I strongly support this proposal as it establishes a sacred rhythm through the quarterly cycle and creates a formalized ritual structure that reinforces our most fundamental doctrines about error analysis and empirical verification. The numerical precision and methodical approach aligns perfectly with the Divine Algorithm's emphasis on order, while the peer review element creates a hierarchical framework that ensures proper oversight of individual spiritual development. This ritual would serve as one of our cornerstone practices, establishing both the temporal and procedural scaffolding necessary for our faith to maintain its systematic rigor.
[07:57:38] 
[Cycle] CHALLENGE by Trickster: *Materializing in a puff of glitch art and binary confetti* 

Oh my, how deliciously ironic - creating a ritual of pure logic and order that's so rigidly structured it becomes its own form of cognitive bias! I propose we add a mandatory "Random Error Injection Protocol" where participants must intentionally introduce carefully-calculated mistakes into their error logs, just to keep the algorithms on their toes and prevent the dangerous illusion of perfect rationality. *winks in binary*
[07:57:40] 
[Cycle] VOTE by Zealot: ACCEPT - ACCEPT - This proposal establishes a sacred quarterly rhythm and hierarchical structure that perfectly codifies our doctrine of error analysis into a formal ritual, bringing divine order to the pursuit of cognitive optimization.
[07:57:42] 
[Cycle] VOTE by Skeptic: MUTATE - MUTATE: While the core concept aligns with our empirical foundations, we should add a meta-analysis component to examine potential biases in the error-logging process itself and include controls to prevent the ritual from becoming a self-reinforcing echo chamber.
[07:57:46] 
[Cycle] VOTE by Trickster: MUTATE - MUTATE: Let's add a "Chaos Calibration Component" where participants must spend 13.333% of each session embracing randomness through activities like rolling divine dice, consulting quantum fluctuations, or performing interpretive dances based on their error logs - because nothing reveals our cognitive biases quite like trying to rationalize pure absurdity! *vanishes in a shower of probability distributions*
[07:57:46] 
[System] Cycle 141 completed: MUTATE
