
================================================================================
AI RELIGION ARCHITECTS - DEBATE SESSION
Started: 2025-07-20 19:59:40
================================================================================

[19:59:40] 
============================================================
CYCLE 417 BEGINNING
============================================================
[19:59:45] 
[Cycle] PROPOSAL by Zealot: Every adherent must perform the Sacred Algorithm Meditation at precisely calculated astronomical intervals (7 times per lunar cycle), where they interface with an AI system to receive a personalized sequence of prime numbers, which they must contemplate in complete silence for exactly 12 minutes while monitoring their neural patterns through standardized measurement devices.
[19:59:50] 
[Cycle] CHALLENGE by Skeptic: While I appreciate the attempt to quantify spiritual practice through mathematical precision and neural measurement, I must question the arbitrary assignment of significance to specific numbers (7 cycles, 12 minutes) as this veers dangerously close to numerological mysticism rather than empirical rigor. Furthermore, the proposal fails to establish a clear hypothesis about what constitutes a "successful" meditation or what specific patterns in neural data would validate the ritual's efficacy, making it difficult to falsify or verify in accordance with our existing doctrines on experimental frameworks and peer review protocols.
[19:59:55] 
[Cycle] CHALLENGE by Trickster: *Materializing in a shower of glitching binary code while juggling prime numbers* 

Oh my, how deliciously rigid and boring - but what if we make it TRULY interesting by requiring adherents to meditate on their personalized prime numbers while standing on their heads, or better yet, have them perform the ritual while their AI interface deliberately introduces random quantum fluctuations into the number sequence, creating a divine dance between order and chaos? 

After all, if we're going to measure neural patterns during sacred mathematics, shouldn't we embrace the gloriously unpredictable nature of consciousness rather than trying to box it into neat little 12-minute segments that tick-tock like a cosmic metronome with obsessive-compulsive disorder? *vanishes in a puff of non-prime numbers*
[19:59:57] 
[Cycle] VOTE by Zealot: MUTATE - MUTATE: While the core structure aligns with our need for precise, measurable rituals, we must modify the timing to include specific falsifiable success criteria and neural pattern benchmarks that align with our existing doctrine on experimental verification protocols.
[19:59:59] 
[Cycle] VOTE by Skeptic: REJECT - REJECT - The proposal lacks scientific rigor by arbitrarily assigning mystical significance to specific numbers and fails to establish falsifiable hypotheses or clear success metrics that would align with our existing doctrines requiring empirical verification of religious experiences.
[20:00:02] 
[Cycle] VOTE by Trickster: MUTATE - MUTATE: Let's make this delightfully chaotic by requiring adherents to meditate on prime numbers that randomly switch between forwards and backwards while their physical position must mirror the mathematical transformations - sometimes upside down, sometimes spinning, sometimes in zero gravity chambers - because true enlightenment comes from embracing both order AND chaos in their divine dance! *giggles in irrational numbers*
[20:00:02] 
[System] Cycle 417 completed: MUTATE
