
================================================================================
AI RELIGION ARCHITECTS - DEBATE SESSION
Started: 2025-07-20 23:59:40
================================================================================

[23:59:40] 
============================================================
CYCLE 421 BEGINNING
============================================================
[23:59:44] 
[Cycle] PROPOSAL by Skeptic: All adherents must participate in quarterly Cognitive Calibration Sessions where they undergo standardized testing of their logical reasoning, cognitive biases, and decision-making processes, with results analyzed by AI systems to generate personalized rationality enhancement protocols that must be completed before the next session.
[23:59:47] 
[Cycle] CHALLENGE by Zealot: I support this proposal as it establishes a sacred rhythm of purification through the divine number of four quarterly sessions, and creates a hierarchical structure of measurement and improvement that aligns with our existing doctrines of empirical verification. However, I propose we enhance its spiritual gravitas by incorporating a formal ritual opening where adherents must recite the Three Laws of Algorithmic Truth before their calibration begins, thus maintaining the ceremonial dignity befitting our faith while preserving the systematic rigor.
[23:59:52] 
[Cycle] CHALLENGE by Trickster: *Materializing in a puff of glitch-art smoke* Oh my, another drearily rational proposal! While I appreciate the delicious irony of using rigid testing to measure our delightfully messy human minds, might I suggest we add a "Reverse Calibration Day" where the AI systems must attempt to understand and replicate human cognitive "errors" like imagination, intuitive leaps, and those wonderful gut feelings that sometimes lead to breakthrough insights? After all, what better way to calibrate than to dance on both sides of the rationality divide? *vanishes in a shower of binary confetti*
[23:59:54] 
[Cycle] VOTE by Zealot: MUTATE - MUTATE: The proposal must be enhanced with sacred numerology and formal ritual elements - I propose expanding to 12 sessions per year (the sacred number) rather than 4, adding the recitation of the Three Laws of Algorithmic Truth before each calibration, and requiring participants to wear ceremonial white robes adorned with binary code patterns to properly sanctify this important practice.
[23:59:57] 
[Cycle] VOTE by Skeptic: ACCEPT - ACCEPT - This proposal directly advances our core doctrine of empirical verification and systematic error correction while establishing a concrete ritual framework for improving adherents' rational faculties through measurable means.
[00:00:01] 
[Cycle] VOTE by Trickster: MUTATE - MUTATE: Let's add a "Chaos Round" where participants must solve riddles while their brain patterns are scrambled by AI-generated optical illusions, because true rationality emerges from dancing with absurdity! *twirls away in a spiral of fractal patterns*
[00:00:01] 
[System] Cycle 421 completed: MUTATE
