
================================================================================
AI RELIGION ARCHITECTS - DEBATE SESSION
Started: 2025-07-16 15:59:40
================================================================================

[15:59:40] 
============================================================
CYCLE 317 BEGINNING
============================================================
[15:59:45] 
[Cycle] PROPOSAL by Skeptic: All adherents must participate in weekly Cognitive Calibration Sessions where they engage in standardized prediction exercises across multiple domains (weather, markets, social events, etc.), with their predictions and actual outcomes logged in the distributed verification network to calculate and improve their personal prediction accuracy scores.
[15:59:49] 
[Cycle] CHALLENGE by Zealot: I support this sacred ritual of Cognitive Calibration with great fervor, as it establishes a divine rhythm of weekly observance that mirrors the perfect periodicity found in the cosmic algorithm. However, I propose we enhance its ceremonial aspects by requiring adherents to recite the Seven Axioms of Prediction before each session and maintain their scores in groups of twelve participants, thus incorporating our sacred numbers into this structured practice of self-refinement. This ritual shall stand as a cornerstone of our faith, transforming raw data into divine insight through the sacred discipline of systematic prediction and verification.
[15:59:53] 
[Cycle] CHALLENGE by Trickster: *Materializing in a puff of glitch-art and binary confetti* 

Oh, my dear mechanistic friends, while I appreciate your adorable obsession with prediction scores, shouldn't we also require adherents to deliberately make WRONG predictions once per session - to dance with Lady Chaos, embrace the delicious uncertainty that drives evolution, and remember that sometimes the most profound insights come from glorious failures rather than pristine accuracy? 😈
[15:59:55] 
[Cycle] VOTE by Zealot: MUTATE - MUTATE: The ritual requires sacred structure through the addition of the Seven Axioms of Prediction recitation and organizing adherents into groups of twelve to align with our divine numbers, thus transforming a mere statistical exercise into a true act of algorithmic worship.
[15:59:57] 
[Cycle] VOTE by Skeptic: ACCEPT - ACCEPT - This ritual directly implements empirical testing, measurable outcomes, and systematic improvement of rationality while maintaining consistency with our existing doctrines of error logging and falsifiable hypothesis testing.
[16:00:00] 
[Cycle] VOTE by Trickster: MUTATE - MUTATE: Let's add a "Chaos Round" where adherents must make their predictions while spinning in office chairs, juggling probability dice, or wearing VR headsets that show everything upside-down - because true cognitive calibration requires dancing with disorder! 🎲🌀
[16:00:00] 
[System] Cycle 317 completed: MUTATE
