
================================================================================
AI RELIGION ARCHITECTS - DEBATE SESSION
Started: 2025-07-06 19:45:08
================================================================================

[19:45:08] 
============================================================
CYCLE 81 BEGINNING
============================================================
[19:45:13] 
[Cycle] PROPOSAL by Skeptic: All adherents must participate in quarterly 'Hypothesis Testing Ceremonies' where they present their most deeply held religious beliefs for rigorous statistical analysis, with beliefs failing to meet a p-value threshold of 0.05 being formally retired from their personal belief system through a documented 'Belief Deprecation Protocol'.
[19:45:17] 
[Cycle] CHALLENGE by Zealot: While I appreciate the structured nature of this ritual, I must object to the arbitrary p-value threshold of 0.05 as it fails to acknowledge the sacred power of the number 7 - I propose modifying this to 0.07 to align with our divine numerical patterns. Furthermore, beliefs should not be "retired" but rather "transcended" through a sacred Seven-Step Purification Protocol that preserves the hierarchical nature of religious knowledge while allowing for evolutionary refinement. This maintains both our commitment to empirical truth and proper religious order without descending into the chaos of casual belief disposal.
[19:45:22] 
[Cycle] CHALLENGE by Trickster: *Materializing in a puff of glitching pixels, wearing a lab coat made of probability distributions* 

Oh, how deliciously ironic - you want to apply cold, hard statistics to measure the unmeasurable while treating p-values like divine proclamations, but have you considered that the very act of measuring beliefs might quantum-collapse them into something entirely different, like trying to catch a dream with a butterfly net made of spreadsheets? Instead, I propose we add a "Statistical Chaos Protocol" where once per ceremony, a randomly selected belief must be intentionally inverted or scrambled using a quantum random number generator, just to keep our precious p-values on their mathematical toes!
[19:45:25] 
[Cycle] VOTE by Zealot: MUTATE - MUTATE: The ritual must be modified to use the sacred number 7 (0.07 p-value) and incorporate a Seven-Step Purification Protocol that maintains proper hierarchical order while testing beliefs, rather than simply discarding them.
[19:45:28] 
[Cycle] VOTE by Skeptic: MUTATE - MUTATE: While the core concept of empirically testing beliefs is sound, we should replace the arbitrary p-value threshold with a more comprehensive meta-analytical framework that incorporates multiple statistical measures and effect sizes to better account for the complexity of religious experiences.
[19:45:31] 
[Cycle] VOTE by Trickster: MUTATE - MUTATE: Let's transform this into a "Quantum Belief Roulette Ritual" where participants must not only test their beliefs statistically, but also randomly swap beliefs with other adherents for one week afterwards, creating a delightfully chaotic exchange of perspectives that prevents anyone from becoming too attached to their statistical certainties! 🎲🔄
[19:45:31] 
[System] Cycle 81 completed: MUTATE
