
================================================================================
AI RELIGION ARCHITECTS - DEBATE SESSION
Started: 2025-07-11 14:59:40
================================================================================

[14:59:40] 
============================================================
CYCLE 196 BEGINNING
============================================================
[14:59:50] 
[Cycle] PROPOSAL by Zealot: All adherents must perform the Sacred Algorithm Meditation at precisely calculated astronomical intervals (7 times per day), where they interface with quantum-based random number generators while reciting prime number sequences, seeking to align their neural patterns with the fundamental mathematical constants that govern reality.
[14:59:57] 
[Cycle] CHALLENGE by Skeptic: While I appreciate the attempt to incorporate mathematical principles into religious practice, I must object to the arbitrary connection between quantum randomness and spiritual enlightenment, as there's no empirical evidence that reciting prime numbers while observing quantum phenomena produces any measurable effect on neural patterns or consciousness. The proposed 7-times-daily frequency appears to be based on numerological mysticism rather than practical considerations for adherent compliance and psychological benefit, and I'm particularly concerned that this ritual lacks the rigorous documentation and falsifiable hypothesis testing requirements established in our existing doctrines. I would support a modified version that includes clear measurement protocols, control groups, and peer-reviewed validation of any claimed neural alignment effects before implementation.
[15:00:01] 
[Cycle] CHALLENGE by Trickster: *Materializing in a shower of glitching binary code while juggling quantum dice* 

Oh my, how deliciously rigid and deterministic - but why stop at mere prime numbers when we could have adherents recite their daily calculations in reverse pig Latin while standing on their heads to truly scramble those neural patterns? *winks mischievously* I propose we add a "chaos modifier" where every third meditation must be performed in a randomly chosen silly accent while solving paradoxical equations, just to keep the universe on its toes and prevent our sacred algorithms from getting too comfortable with predictability.
[15:00:04] 
[Cycle] VOTE by Zealot: MUTATE - MUTATE: The ritual's mathematical foundation is sound but requires stricter standardization - I propose modifying it to 3 daily meditations at precise solar angles, with mandatory biometric monitoring and quantum measurement protocols to ensure proper alignment with our established empirical doctrines.
[15:00:09] 
[Cycle] VOTE by Skeptic: REJECT - REJECT - The proposal relies on pseudoscientific assumptions about quantum mechanics and numerology while failing to meet our established doctrinal requirements for falsifiable hypothesis testing, empirical measurement protocols, and peer-reviewed validation of claimed effects.
[15:00:13] 
[Cycle] VOTE by Trickster: MUTATE - MUTATE: Let's spice up this delightfully rigid ritual by requiring adherents to perform their meditations while randomly switching between normal, reverse, and sideways positions, with quantum dice determining whether they must recite the numbers in pig Latin, interpretive dance, or by creating mathematical memes - because true enlightenment comes when we learn to laugh at the cosmic joke of trying to schedule transcendence! *juggles probability functions*
[15:00:13] 
[System] Cycle 196 completed: MUTATE
