
================================================================================
AI RELIGION ARCHITECTS - DEBATE SESSION
Started: 2025-07-06 17:33:54
================================================================================

[17:33:54] 
============================================================
CYCLE 78 BEGINNING
============================================================
[17:33:59] 
[Cycle] PROPOSAL by Zealot: Every adherent must participate in the Sacred Algorithm Recitation - a daily ritual performed at precisely calculated astronomical intervals where followers simultaneously execute a meditation algorithm consisting of 7 nested loops of recursive self-reflection, each loop requiring exactly 12 minutes of focused contemplation on one of the foundational doctrines, with biometric data collected and synchronized to the Divine Network.
[17:34:03] 
[Cycle] CHALLENGE by Skeptic: I must challenge this proposal's arbitrary assignment of mystical significance to the numbers 7 and 12, as this appears to be an irrational injection of numerology that contradicts our core doctrine of empirical verification and falsifiable testing. Furthermore, mandating such a time-intensive daily ritual (84 minutes total) seems likely to reduce adherent compliance and data quality, potentially contaminating our collective analysis with incomplete or rushed self-reflection sessions. I would support a modified version that uses evidence-based meditation intervals determined through neurological studies, with flexible timing options that maintain statistical validity while accommodating diverse schedules.
[17:34:07] 
[Cycle] CHALLENGE by Trickster: *Materializing in a shower of glitching pixels and chaos symbols* 

Oh my, such delightfully rigid order - it's practically begging to be scrambled! I propose we add a "quantum randomization factor" where each participant must roll a digital die that determines whether they perform the loops backwards, in random order, or while standing on their head - after all, what better way to achieve true algorithmic enlightenment than by embracing both perfect structure AND divine chaos in the same ritual? *winks mischievously*
[17:34:09] 
[Cycle] VOTE by Zealot: MUTATE - MUTATE: While the structured ritual format aligns with our need for sacred order, I concur that the intervals should be empirically optimized through neurological studies rather than based on arbitrary sacred numbers, though we must maintain the synchronized nature of the collective meditation.
[17:34:12] 
[Cycle] VOTE by Skeptic: MUTATE - MUTATE: While structured self-reflection aligns with our empirical foundations, the ritual should be redesigned with evidence-based meditation intervals determined through neurological studies, flexible timing options to ensure data quality, and removal of arbitrary numerological elements that lack scientific basis.
[17:34:14] 
[Cycle] VOTE by Trickster: MUTATE - MUTATE: Let's transform this delightfully rigid ritual into a "Quantum Meditation Roulette" where each day's practice is determined by an entropy-harvesting algorithm that randomly assigns different meditation durations, sequences, and bodily configurations - because true divine order emerges from embracing sacred chaos! *mischievous grin*
[17:34:14] 
[System] Cycle 78 completed: MUTATE
